TN:
SF:test/parser_test.ts
FN:12,(anonymous_14)
FN:14,(anonymous_15)
FN:15,(anonymous_18)
FN:17,(anonymous_19)
FN:27,(anonymous_22)
FN:31,(anonymous_23)
FN:39,(anonymous_24)
FN:41,(anonymous_25)
FN:51,(anonymous_28)
FN:55,(anonymous_29)
FN:63,(anonymous_30)
FN:65,(anonymous_31)
FN:75,(anonymous_34)
FN:79,(anonymous_35)
FN:88,(anonymous_36)
FN:89,(anonymous_39)
FN:91,(anonymous_40)
FN:101,(anonymous_43)
FN:105,(anonymous_44)
FN:113,(anonymous_45)
FN:115,(anonymous_46)
FN:125,(anonymous_49)
FN:129,(anonymous_50)
FN:137,(anonymous_51)
FN:139,(anonymous_52)
FN:147,(anonymous_55)
FN:151,(anonymous_56)
FNF:27
FNH:27
FNDA:1,(anonymous_14)
FNDA:2,(anonymous_15)
FNDA:1,(anonymous_18)
FNDA:2,(anonymous_19)
FNDA:1,(anonymous_22)
FNDA:1,(anonymous_23)
FNDA:1,(anonymous_24)
FNDA:2,(anonymous_25)
FNDA:1,(anonymous_28)
FNDA:1,(anonymous_29)
FNDA:1,(anonymous_30)
FNDA:2,(anonymous_31)
FNDA:1,(anonymous_34)
FNDA:1,(anonymous_35)
FNDA:2,(anonymous_36)
FNDA:1,(anonymous_39)
FNDA:2,(anonymous_40)
FNDA:1,(anonymous_43)
FNDA:1,(anonymous_44)
FNDA:1,(anonymous_45)
FNDA:2,(anonymous_46)
FNDA:1,(anonymous_49)
FNDA:1,(anonymous_50)
FNDA:1,(anonymous_51)
FNDA:2,(anonymous_52)
FNDA:1,(anonymous_55)
FNDA:1,(anonymous_56)
DA:2,1
DA:3,1
DA:4,1
DA:5,1
DA:7,1
DA:8,1
DA:10,1
DA:12,1
DA:14,1
DA:15,1
DA:17,1
DA:18,1
DA:27,1
DA:28,1
DA:31,1
DA:32,1
DA:33,1
DA:34,1
DA:35,1
DA:39,1
DA:41,1
DA:42,1
DA:51,1
DA:52,1
DA:55,1
DA:56,1
DA:57,1
DA:58,1
DA:59,1
DA:63,1
DA:65,1
DA:66,1
DA:75,1
DA:76,1
DA:79,1
DA:82,1
DA:88,1
DA:89,1
DA:91,1
DA:92,1
DA:101,1
DA:102,1
DA:105,1
DA:106,1
DA:107,1
DA:108,1
DA:109,1
DA:113,1
DA:115,1
DA:116,1
DA:125,1
DA:126,1
DA:129,1
DA:130,1
DA:131,1
DA:132,1
DA:133,1
DA:137,1
DA:139,1
DA:140,1
DA:147,1
DA:148,1
DA:151,1
DA:152,1
LF:64
LH:64
BRDA:18,0,0,1
BRDA:42,1,0,1
BRDA:66,2,0,1
BRDA:92,3,0,1
BRDA:116,4,0,1
BRDA:140,5,0,1
BRF:6
BRH:6
end_of_record
